{"meta": {"version": "6.4.4", "timestamp": "2023-08-26T13:23:05.087083", "branch_coverage": false, "show_contexts": false}, "files": {"fibonacci\\fib\\fib.py": {"executed_lines": [1, 4, 5, 7, 9, 11, 13, 14, 16, 17, 28, 30, 31, 34, 36, 37, 39, 40], "summary": {"covered_lines": 16, "num_statements": 27, "percent_covered": 59.25925925925926, "percent_covered_display": "59", "missing_lines": 11, "excluded_lines": 0}, "missing_lines": [15, 19, 20, 21, 22, 23, 24, 26, 38, 41, 42], "excluded_lines": []}}, "totals": {"covered_lines": 16, "num_statements": 27, "percent_covered": 59.25925925925926, "percent_covered_display": "59", "missing_lines": 11, "excluded_lines": 0}}